#
# There is insufficient memory for the Java Runtime Environment to continue.
# Native memory allocation (mmap) failed to map 266338304 bytes for G1 virtual space
# Possible reasons:
#   The system is out of physical RAM or swap space
#   The process is running with CompressedOops enabled, and the Java Heap may be blocking the growth of the native heap
# Possible solutions:
#   Reduce memory load on the system
#   Increase physical memory or swap space
#   Check if swap backing store is full
#   Decrease Java heap size (-Xmx/-Xms)
#   Decrease number of Java threads
#   Decrease Java thread stack sizes (-Xss)
#   Set larger code cache with -XX:ReservedCodeCacheSize=
#   JVM is running with Zero Based Compressed Oops mode in which the Java heap is
#     placed in the first 32GB address space. The Java Heap base address is the
#     maximum limit for the native heap growth. Please use -XX:HeapBaseMinAddress
#     to set the Java Heap base and to place the Java Heap above 32GB virtual address.
# This output file may be truncated or incomplete.
#
#  Out of Memory Error (./open/src/hotspot/os/windows/os_windows.cpp:3321), pid=21208, tid=1380
#
# JRE version:  (15.0.2+7) (build )
# Java VM: Java HotSpot(TM) 64-Bit Server VM (15.0.2+7-27, mixed mode, sharing, tiered, compressed oops, g1 gc, windows-amd64)
# No core dump will be written. Minidumps are not enabled by default on client versions of Windows
#

---------------  S U M M A R Y ------------

Command Line: -Dfile.encoding=Cp1252 --module-path=D:\JAR FILES\ojdbc6_g.jar -XX:+ShowCodeDetailsInExceptionMessages viewTable

Host: Intel(R) Core(TM) i7-10750H CPU @ 2.60GHz, 12 cores, 15G,  Windows 10 , 64 bit Build 22000 (10.0.22000.37)
Time: Thu Jul 22 17:16:29 2021 India Standard Time elapsed time: 0.018497 seconds (0d 0h 0m 0s)

---------------  T H R E A D  ---------------

Current thread (0x00000226f9b5bf40):  JavaThread "Unknown thread" [_thread_in_vm, id=1380, stack(0x000000948ae00000,0x000000948af00000)]

Stack: [0x000000948ae00000,0x000000948af00000]
Native frames: (J=compiled Java code, j=interpreted, Vv=VM code, C=native code)
V  [jvm.dll+0x62ae9a]
V  [jvm.dll+0x7817a9]
V  [jvm.dll+0x782f03]
V  [jvm.dll+0x783563]
V  [jvm.dll+0x216325]
V  [jvm.dll+0x6281d9]
V  [jvm.dll+0x61cf55]
V  [jvm.dll+0x2cffdd]
V  [jvm.dll+0x2cfe42]
V  [jvm.dll+0x2d5e1c]
V  [jvm.dll+0x32590a]
V  [jvm.dll+0x324fd4]
V  [jvm.dll+0x2a6f5a]
V  [jvm.dll+0x2a80f8]
V  [jvm.dll+0x75e241]
V  [jvm.dll+0x3341c4]
V  [jvm.dll+0x73e926]
V  [jvm.dll+0x3b7557]
V  [jvm.dll+0x3b8fe1]
C  [jli.dll+0x52fb]
C  [ucrtbase.dll+0x26c0c]
C  [KERNEL32.DLL+0x154e0]
C  [ntdll.dll+0x485b]


---------------  P R O C E S S  ---------------

Threads class SMR info:
_java_thread_list=0x00007ffd6e6e4ff0, length=0, elements={
}

Java Threads: ( => current thread )

Other Threads:
  0x00000226f9baa5b0 GCTaskThread "GC Thread#0" [stack: 0x000000948af00000,0x000000948b000000] [id=20504]
  0x00000226f9bbc510 ConcurrentGCThread "G1 Main Marker" [stack: 0x000000948b000000,0x000000948b100000] [id=11056]
  0x00000226f9bbd8a0 ConcurrentGCThread "G1 Conc#0" [stack: 0x000000948b100000,0x000000948b200000] [id=11608]

[error occurred during error reporting (printing all threads), id 0xc0000005, EXCEPTION_ACCESS_VIOLATION (0xc0000005) at pc=0x00007ffd6ded7e27]

VM state: not at safepoint (not fully initialized)

VM Mutex/Monitor currently owned by a thread:  ([mutex/lock_event])
[0x00000226f9b571c0] Heap_lock - owner thread: 0x00000226f9b5bf40

Heap address: 0x0000000703000000, size: 4048 MB, Compressed Oops mode: Zero based, Oop shift amount: 3
CDS archive(s) mapped at: [0x0000000000000000-0x0000000000000000-0x0000000000000000), size 0, SharedBaseAddress: 0x0000000800000000, ArchiveRelocationMode: 0.
Narrow klass base: 0x0000000000000000, Narrow klass shift: 0, Narrow klass range: 0x0

Heap:
 garbage-first heap   total 260096K, used 0K [0x0000000703000000, 0x0000000800000000)
  region size 2048K, 0 young (0K), 0 survivors (0K)
 Metaspace       used 0K, capacity 0K, committed 0K, reserved 0K
  class space    used 0K, capacity 0K, committed 0K, reserved 0K

Heap Regions: E=young(eden), S=young(survivor), O=old, HS=humongous(starts), HC=humongous(continues), CS=collection set, F=free, OA=open archive, CA=closed archive, TAMS=top-at-mark-start (previous, next)

Card table byte_map: [0x00000226fa960000,0x00000226fb150000] _byte_map_base: 0x00000226f7148000

Marking Bits (Prev, Next): (CMBitMap*) 0x00000226f9baae20, (CMBitMap*) 0x00000226f9baae60
 Prev Bits: [0x00000226fb940000, 0x00000226ff880000)
 Next Bits: [0x0000022697160000, 0x000002269b0a0000)

GC Heap History (0 events):
No events

Deoptimization events (0 events):
No events

Classes unloaded (0 events):
No events

Classes redefined (0 events):
No events

Internal exceptions (0 events):
No events

Events (1 events):
Event: 0.009 Loaded shared library C:\Program Files\Java\jdk-15.0.2\bin\java.dll


Dynamic libraries:
0x00007ff747170000 - 0x00007ff74717f000 	C:\Program Files\Java\jdk-15.0.2\bin\javaw.exe
0x00007ffdc7a80000 - 0x00007ffdc7c87000 	C:\WINDOWS\SYSTEM32\ntdll.dll
0x00007ffdc59f0000 - 0x00007ffdc5aad000 	C:\WINDOWS\System32\KERNEL32.DLL
0x00007ffdc52e0000 - 0x00007ffdc5654000 	C:\WINDOWS\System32\KERNELBASE.dll
0x00007ffdc2180000 - 0x00007ffdc2211000 	C:\WINDOWS\SYSTEM32\apphelp.dll
0x00007ffdc57f0000 - 0x00007ffdc5901000 	C:\WINDOWS\System32\ucrtbase.dll
0x00007ffdb0150000 - 0x00007ffdb0169000 	C:\Program Files\Java\jdk-15.0.2\bin\VCRUNTIME140.dll
0x00007ffdb0130000 - 0x00007ffdb0148000 	C:\Program Files\Java\jdk-15.0.2\bin\jli.dll
0x00007ffdc5b90000 - 0x00007ffdc5c3c000 	C:\WINDOWS\System32\ADVAPI32.dll
0x00007ffdc6170000 - 0x00007ffdc6213000 	C:\WINDOWS\System32\msvcrt.dll
0x00007ffdc5950000 - 0x00007ffdc59ed000 	C:\WINDOWS\System32\sechost.dll
0x00007ffdc6b50000 - 0x00007ffdc6c71000 	C:\WINDOWS\System32\RPCRT4.dll
0x00007ffdc6250000 - 0x00007ffdc63fc000 	C:\WINDOWS\System32\USER32.dll
0x00007ffdc5190000 - 0x00007ffdc51b6000 	C:\WINDOWS\System32\win32u.dll
0x00007ffdc6220000 - 0x00007ffdc6249000 	C:\WINDOWS\System32\GDI32.dll
0x00007ffdc56d0000 - 0x00007ffdc57e2000 	C:\WINDOWS\System32\gdi32full.dll
0x00007ffdc5240000 - 0x00007ffdc52dd000 	C:\WINDOWS\System32\msvcp_win.dll
0x00007ffda9ad0000 - 0x00007ffda9d75000 	C:\WINDOWS\WinSxS\amd64_microsoft.windows.common-controls_6595b64144ccf1df_6.0.22000.51_none_25c0e06ad7789dba\COMCTL32.dll
0x00007ffdbd2b0000 - 0x00007ffdbd2ba000 	C:\WINDOWS\SYSTEM32\VERSION.dll
0x00007ffdc6520000 - 0x00007ffdc6551000 	C:\WINDOWS\System32\IMM32.DLL
0x00007ffdc1580000 - 0x00007ffdc158c000 	C:\Program Files\Java\jdk-15.0.2\bin\vcruntime140_1.dll
0x00007ffd94960000 - 0x00007ffd949f1000 	C:\Program Files\Java\jdk-15.0.2\bin\msvcp140.dll
0x00007ffd6dc20000 - 0x00007ffd6e77e000 	C:\Program Files\Java\jdk-15.0.2\bin\server\jvm.dll
0x00007ffdc5940000 - 0x00007ffdc5948000 	C:\WINDOWS\System32\PSAPI.DLL
0x00007ffdbed60000 - 0x00007ffdbed93000 	C:\WINDOWS\SYSTEM32\WINMM.dll
0x00007ffdaa4a0000 - 0x00007ffdaa4a9000 	C:\WINDOWS\SYSTEM32\WSOCK32.dll
0x00007ffdc66c0000 - 0x00007ffdc672f000 	C:\WINDOWS\System32\WS2_32.dll
0x00007ffdc4180000 - 0x00007ffdc4198000 	C:\WINDOWS\SYSTEM32\kernel.appcore.dll
0x00007ffdc1550000 - 0x00007ffdc155a000 	C:\Program Files\Java\jdk-15.0.2\bin\jimage.dll
0x00007ffdc2b10000 - 0x00007ffdc2d31000 	C:\WINDOWS\SYSTEM32\DBGHELP.DLL
0x00007ffdaa4b0000 - 0x00007ffdaa4e1000 	C:\WINDOWS\SYSTEM32\dbgcore.DLL
0x00007ffdc51c0000 - 0x00007ffdc5240000 	C:\WINDOWS\System32\bcryptPrimitives.dll
0x00007ffdadf80000 - 0x00007ffdadfa5000 	C:\Program Files\Java\jdk-15.0.2\bin\java.dll

dbghelp: loaded successfully - version: 4.0.5 - missing functions: none
symbol engine: initialized successfully - sym options: 0x614 - pdb path: .;C:\Program Files\Java\jdk-15.0.2\bin;C:\WINDOWS\SYSTEM32;C:\WINDOWS\WinSxS\amd64_microsoft.windows.common-controls_6595b64144ccf1df_6.0.22000.51_none_25c0e06ad7789dba;C:\Program Files\Java\jdk-15.0.2\bin\server

VM Arguments:
jvm_args: -Dfile.encoding=Cp1252 --module-path=D:\JAR FILES\ojdbc6_g.jar -XX:+ShowCodeDetailsInExceptionMessages 
java_command: viewTable
java_class_path (initial): C:\Users\MADHUSRI\eclipse-workspace\MADHUSRI\bin
Launcher Type: SUN_STANDARD

[Global flags]
     intx CICompilerCount                          = 4                                         {product} {ergonomic}
     uint ConcGCThreads                            = 3                                         {product} {ergonomic}
     uint G1ConcRefinementThreads                  = 10                                        {product} {ergonomic}
   size_t G1HeapRegionSize                         = 2097152                                   {product} {ergonomic}
    uintx GCDrainStackTargetSize                   = 64                                        {product} {ergonomic}
   size_t InitialHeapSize                          = 266338304                                 {product} {ergonomic}
   size_t MarkStackSize                            = 4194304                                   {product} {ergonomic}
   size_t MaxHeapSize                              = 4244635648                                {product} {ergonomic}
   size_t MinHeapDeltaBytes                        = 2097152                                   {product} {ergonomic}
   size_t MinHeapSize                              = 8388608                                   {product} {ergonomic}
    uintx NonNMethodCodeHeapSize                   = 5839372                                {pd product} {ergonomic}
    uintx NonProfiledCodeHeapSize                  = 122909434                              {pd product} {ergonomic}
    uintx ProfiledCodeHeapSize                     = 122909434                              {pd product} {ergonomic}
    uintx ReservedCodeCacheSize                    = 251658240                              {pd product} {ergonomic}
     bool SegmentedCodeCache                       = true                                      {product} {ergonomic}
     bool ShowCodeDetailsInExceptionMessages       = true                                   {manageable} {command line}
   size_t SoftMaxHeapSize                          = 4244635648                             {manageable} {ergonomic}
     bool UseCompressedClassPointers               = true                                 {lp64_product} {ergonomic}
     bool UseCompressedOops                        = true                                 {lp64_product} {ergonomic}
     bool UseG1GC                                  = true                                      {product} {ergonomic}
     bool UseLargePagesIndividualAllocation        = false                                  {pd product} {ergonomic}

Logging:
Log output configuration:
 #0: stdout all=warning uptime,level,tags
 #1: stderr all=off uptime,level,tags

Environment Variables:
JAVA_HOME=C:\Program Files\Java\jdk-15.0.2\bin
PATH=C:\oraclexe\app\oracle\product\11.2.0\server\bin;;C:\Program Files\Common Files\Oracle\Java\javapath;C:\windows\system32;C:\windows;C:\windows\System32\Wbem;C:\windows\System32\WindowsPowerShell\v1.0\;C:\windows\System32\OpenSSH\;C:\Program Files (x86)\NVIDIA Corporation\PhysX\Common;C:\Program Files\NVIDIA Corporation\NVIDIA NvDLISR;C:\Program Files\nodejs\;C:\Program Files\Java\jdk-16.0.1\bin;C:\WINDOWS\system32;C:\WINDOWS;C:\WINDOWS\System32\Wbem;C:\WINDOWS\System32\WindowsPowerShell\v1.0\;C:\WINDOWS\System32\OpenSSH\;C:\Users\MADHUSRI\AppData\Local\Microsoft\WindowsApps;C:\Users\MADHUSRI\AppData\Local\Programs\Microsoft VS Code\bin;C:\MinGW\bin;C:\Users\MADHUSRI\AppData\Roaming\npm;C:\src\flutter\bin;
USERNAME=MADHUSRI
OS=Windows_NT
PROCESSOR_IDENTIFIER=Intel64 Family 6 Model 165 Stepping 2, GenuineIntel



---------------  S Y S T E M  ---------------

OS:
 Windows 10 , 64 bit Build 22000 (10.0.22000.37)
OS uptime: 1 days 21:16 hours

CPU: total 12 (initial active 12) (6 cores per cpu, 2 threads per core) family 6 model 165 stepping 2 microcode 0xe0, cmov, cx8, fxsr, mmx, sse, sse2, sse3, ssse3, sse4.1, sse4.2, popcnt, vzeroupper, avx, avx2, aes, clmul, erms, 3dnowpref, lzcnt, ht, tsc, tscinvbit, bmi1, bmi2, adx, fma, clflush, clflushopt

Memory: 4k page, system-wide physical 16185M (5734M free)
TotalPageFile size 33275M (AvailPageFile size 145M)
current process WorkingSet (physical memory assigned to process): 11M, peak: 11M
current process commit charge ("private bytes"): 64M, peak: 318M

vm_info: Java HotSpot(TM) 64-Bit Server VM (15.0.2+7-27) for windows-amd64 JRE (15.0.2+7-27), built on Dec  7 2020 20:07:01 by "mach5one" with unknown MS VC++:1925

END.
